<?xml version="1.0" encoding="UTF-8"?>
<!-- Generated by org.testng.reporters.JUnitXMLReporter -->
<testsuite hostname="MUMRBIT-34" ignored="1" name="GMCTestNG" tests="2" failures="0" timestamp="25 Jun 2019 13:13:20 GMT" time="39.52" errors="0">
  <testcase name="Login" time="0.097" classname="testCase.LoginTestCase"/>
  <testcase name="Login1" time="7.968" classname="testCase.LoginTestCase"/>
  <testcase name="Login3" time="0.0" classname="testCase.LoginTestCase">
    <ignored/>
  </testcase> <!-- Login3 -->
</testsuite> <!-- GMCTestNG -->
